<?xml version="1.0" encoding="UTF-8"?>
<testsuite name="com.training.PalindromePermutationTest" tests="1" skipped="0" failures="0" errors="0" timestamp="2019-08-26T12:39:26" hostname="NDOKE-M-R0X7" time="0.004">
  <properties/>
  <testcase name="test" classname="com.training.PalindromePermutationTest" time="0.004"/>
  <system-out><![CDATA[]]></system-out>
  <system-err><![CDATA[]]></system-err>
</testsuite>
